2024-07-17T12:23:03+05:30 [main] api: GET /server/system - - - - ms
2024-07-17T12:23:10+05:30 [main] api: GET /server 404 145 - 9.402 ms
2024-07-17T12:23:56+05:30 [main] api: GET /server/system 404 152 - 18.153 ms
2024-07-17T12:24:46+05:30 [main] api: POST /server/system 500 698 - 50.358 ms
2024-07-17T12:25:03+05:30 [main] api: POST /server/system 201 90 - 53.729 ms
2024-07-17T15:51:46+05:30 [main] api: POST /server/subtype 500 692 - 79.783 ms
2024-07-17T15:52:04+05:30 [main] api: POST /server/subtype 201 75 - 94.383 ms
2024-07-17T15:52:49+05:30 [main] api: POST /server/subtype 201 75 - 60.428 ms
2024-07-17T15:53:57+05:30 [main] api: POST /server/subtype 201 86 - 89.577 ms
2024-07-17T16:38:59+05:30 [main] api: POST /server/subtype 500 898 - 230.117 ms
2024-07-17T16:42:13+05:30 [main] api: POST /server/subtype 400 56 - 73.665 ms
2024-07-17T17:20:59+05:30 [main] api: POST /server/subtype 400 56 - 154.719 ms
2024-07-17T17:21:31+05:30 [main] api: POST /server/subtype 400 86 - 86.800 ms
2024-07-17T17:21:31+05:30 [main] api: POST /server/subtype 400 86 - 54.085 ms
2024-07-17T17:23:30+05:30 [main] api: POST /server/subtype 400 89 - 89.605 ms
2024-07-17T17:45:09+05:30 [main] api: GET /server/subtype 500 413 - 143.130 ms
2024-07-17T17:45:44+05:30 [main] api: GET /server/subtype?type_name=Society%20Papers 500 413 - 97.434 ms
2024-07-17T17:53:06+05:30 [main] api: GET /server/subtype?type_name=%22Society%20Papers%22 500 413 - 107.886 ms
2024-07-17T17:58:53+05:30 [main] api: GET /server/subtype?type_name=Society_Papers 500 413 - 54.313 ms
2024-07-17T17:59:47+05:30 [main] api: GET /server/subtype?type_name=Society_Papers 500 413 - 119.516 ms
2024-07-17T18:01:39+05:30 [main] api: GET /server/subtype?type_name=Society_Papers 500 413 - 132.069 ms
2024-07-17T18:06:27+05:30 [main] api: GET /server/subtype?type_name=Society_Papers 500 413 - 232.085 ms
2024-07-17T18:06:56+05:30 [main] api: GET /server/subtype?type_name=Society_Papers 500 413 - 66.024 ms
2024-07-17T18:11:42+05:30 [main] api: GET /server/subtype/Society_Papers 500 413 - 85.246 ms
2024-07-17T18:12:03+05:30 [main] api: GET /server/subtype/Society%20Papers 500 413 - 46.288 ms
2024-07-17T18:15:22+05:30 [main] api: GET /server/subtype/Society%20Papers 500 413 - 413.853 ms
2024-07-18T10:51:54+05:30 [main] api: GET /server/subtype/Society%20Papers 500 413 - 149.333 ms
2024-07-18T10:54:05+05:30 [main] api: GET /server/subtype/Society%20Papers 500 413 - 219.399 ms
2024-07-18T10:59:02+05:30 [main] api: GET /server/subtype/Society%20Papers 200 605 - 80.843 ms
2024-07-18T10:59:18+05:30 [main] api: GET /server/subtype/Society 200 71 - 20.017 ms
2024-07-18T10:59:32+05:30 [main] api: GET /server/subtype/Society%20Papers 200 605 - 40.970 ms
2024-07-18T11:00:13+05:30 [main] api: GET /server/subtype/Society 200 71 - 88.792 ms
2024-07-18T11:03:54+05:30 [main] api: GET /server/subtype/''%7D).deleteOne(%7B_id:%20ObjectId(%2266979b4b15ed63464fb38384%22)%7D) 200 125 - 41.539 ms
2024-07-18T11:06:18+05:30 [main] api: GET /server/subtype/''%7D).deleteOne(%7B_id:%20ObjectId(%2266979b4b15ed63464fb38384%22)%7D) 200 125 - 75.317 ms
2024-07-18T11:06:58+05:30 [main] api: GET /server/subtype/%22'%7D).deleteOne(%7B_id:%20ObjectId(%2266979b4b15ed63464fb38384%22)%7D 200 125 - 158.450 ms
2024-07-18T11:09:01+05:30 [main] api: GET /server/subtype/%22'%7D).deleteOne(%7B_id:%20ObjectId(%2266979b4b15ed63464fb38384%22)%7D 200 125 - 78.838 ms
2024-07-18T11:26:56+05:30 [main] api: GET /server/subtype/%22'%7D).deleteOne(%7B_id:%20ObjectId(%2266979b4b15ed63464fb38384%22)%7D 422 66 - 52.398 ms
2024-07-18T11:28:32+05:30 [main] api: GET /server/subtype/%22'%7D).deleteOne(%7B_id:%20ObjectId(%2266979b4b15ed63464fb38384%22)%7D 422 84 - 27.601 ms
2024-07-18T11:28:52+05:30 [main] api: GET /server/subtype/Society%20Papers 200 623 - 75.289 ms
2024-07-18T11:29:50+05:30 [main] api: GET /server/subtype/Society%20Papers 200 623 - 181.337 ms
2024-07-18T11:49:17+05:30 [main] api: GET /server/subtype/Society%20Papers 200 623 - 107.412 ms
2024-07-18T11:49:27+05:30 [main] api: GET /server/subtype/Society 422 85 - 7.593 ms
2024-07-18T15:58:07+05:30 [main] api: POST /server/subtype/upload_file 500 678 - 40.430 ms
2024-07-18T16:03:44+05:30 [main] api: POST /server/subtype/upload_file 500 678 - 79.350 ms
2024-07-18T16:06:36+05:30 [main] api: POST /server/subtype/upload_file 500 678 - 10.478 ms
2024-07-18T16:08:00+05:30 [main] api: POST /server/subtype/upload_file 500 678 - 21.459 ms
2024-07-18T16:09:26+05:30 [main] api: POST /server/subtype/upload_file 500 678 - 21.488 ms
2024-07-18T16:12:11+05:30 [main] api: POST /server/subtype/upload_file 500 678 - 19.630 ms
2024-07-18T16:39:37+05:30 [main] api: POST /server/subtype/upload_file 500 678 - 21.365 ms
2024-07-18T16:40:11+05:30 [main] api: POST /server/subtype/upload_file 500 678 - 10.344 ms
2024-07-18T16:42:02+05:30 [main] api: POST /server/subtype/upload_file 500 678 - 32.389 ms
2024-07-18T16:42:49+05:30 [main] api: POST /server/subtype/upload_file 500 678 - 5.903 ms
2024-07-18T16:43:03+05:30 [main] api: POST /server/subtype/upload_file 404 166 - 18.578 ms
2024-07-18T16:47:00+05:30 [main] api: POST /server/subtype/upload_file 500 678 - 20.491 ms
2024-07-18T16:49:13+05:30 [main] api: POST /server/subtype/upload_file 500 678 - 31.527 ms
2024-07-18T16:51:47+05:30 [main] api: POST /server/subtype/upload_file - - - - ms
2024-07-18T16:52:07+05:30 [main] api: POST /server/subtype/upload_file 500 - - 455.603 ms
2024-07-18T16:55:42+05:30 [main] api: POST /server/subtype/upload_file 500 - - 395.462 ms
2024-07-18T16:56:08+05:30 [main] api: POST /server/subtype/upload_file 500 - - 27.349 ms
2024-07-18T17:02:52+05:30 [main] api: POST /server/subtype/upload_file 500 - - 441.567 ms
2024-07-18T17:24:28+05:30 [main] api: POST /server/subtype/upload_file 200 59 - 5608.119 ms
2024-07-19T10:39:18+05:30 [main] api: POST /server/subtype/upload_file 404 166 - 14.631 ms
2024-07-19T10:43:52+05:30 [main] api: POST /server/document 404 155 - 17.478 ms
2024-07-19T10:44:41+05:30 [main] api: POST /server/document 500 - - 60.367 ms
2024-07-19T10:48:05+05:30 [main] api: POST /server/document 200 59 - 493.461 ms
2024-07-19T11:21:38+05:30 [main] api: POST /server/document 200 59 - 713.303 ms
